[14:37:55.683] [INFO   ] thread main starting.
[14:37:55.690] [SEVERE ] cannot read configuration file config.properties trying from resources.
[14:37:55.692] [SEVERE ] configuration file was loaded from resources directory.
[14:37:56.052] [INFO   ] thread dealer starting.
[14:37:56.053] [INFO   ] thread dealer starting.
[14:37:56.054] [INFO   ] thread Thread-1 starting.
[14:37:56.055] [INFO   ] thread Thread-2 starting.
[14:37:56.160] [SEVERE ] placing card 55 in slot 11
[14:37:56.360] [SEVERE ] placing card 47 in slot 1
[14:37:56.562] [SEVERE ] placing card 78 in slot 8
[14:37:56.763] [SEVERE ] placing card 41 in slot 0
[14:37:56.964] [SEVERE ] placing card 13 in slot 6
[14:37:57.166] [SEVERE ] placing card 71 in slot 2
[14:37:57.259] [SEVERE ] key 81 was pressed by player 1
[14:37:57.260] [SEVERE ] player 1 placing token on slot 0
[14:37:57.289] [SEVERE ] key 87 was pressed by player 1
[14:37:57.291] [SEVERE ] player 1 placing token on slot 1
[14:37:57.367] [SEVERE ] placing card 28 in slot 7
[14:37:57.385] [SEVERE ] key 69 was pressed by player 1
[14:37:57.386] [SEVERE ] player 1 placing token on slot 2
[14:37:57.487] [SEVERE ] placing card 26 in slot 3
[14:37:57.688] [SEVERE ] placing card 60 in slot 5
[14:37:57.889] [SEVERE ] placing card 30 in slot 9
[14:37:57.898] [SEVERE ] key 81 was pressed by player 1
[14:37:57.941] [SEVERE ] key 87 was pressed by player 1
[14:37:58.013] [SEVERE ] key 69 was pressed by player 1
[14:37:58.090] [SEVERE ] placing card 49 in slot 4
[14:37:58.237] [SEVERE ] key 81 was pressed by player 1
[14:37:58.291] [SEVERE ] placing card 38 in slot 10
[14:37:58.302] [SEVERE ] key 87 was pressed by player 1
[14:37:58.379] [SEVERE ] key 69 was pressed by player 1
[14:37:58.393] [SEVERE ] updating countdown to 60999
[14:37:58.533] [SEVERE ] key 81 was pressed by player 1
[14:37:58.587] [SEVERE ] key 87 was pressed by player 1
[14:37:58.733] [SEVERE ] key 69 was pressed by player 1
[14:37:58.900] [SEVERE ] key 81 was pressed by player 1
[14:37:58.981] [SEVERE ] key 87 was pressed by player 1
[14:37:59.084] [SEVERE ] key 69 was pressed by player 1
[14:37:59.212] [SEVERE ] key 81 was pressed by player 1
[14:37:59.324] [SEVERE ] key 87 was pressed by player 1
[14:37:59.380] [SEVERE ] key 69 was pressed by player 1
[14:37:59.394] [SEVERE ] updating countdown to 59998
[14:37:59.396] [SEVERE ] setting player 1 freeze to 3000
[14:37:59.490] [SEVERE ] key 65 was pressed by player 1
[14:37:59.506] [SEVERE ] key 83 was pressed by player 1
[14:37:59.636] [SEVERE ] key 68 was pressed by player 1
[14:37:59.781] [SEVERE ] key 65 was pressed by player 1
[14:37:59.796] [SEVERE ] key 83 was pressed by player 1
[14:37:59.948] [SEVERE ] key 68 was pressed by player 1
[14:38:00.076] [SEVERE ] key 65 was pressed by player 1
[14:38:00.100] [SEVERE ] key 83 was pressed by player 1
[14:38:00.287] [SEVERE ] key 68 was pressed by player 1
[14:38:00.394] [SEVERE ] updating countdown to 58998
[14:38:00.397] [SEVERE ] setting player 1 freeze to 2000
[14:38:00.973] [SEVERE ] key 65 was pressed by player 1
[14:38:00.981] [SEVERE ] key 83 was pressed by player 1
[14:38:01.059] [SEVERE ] key 68 was pressed by player 1
[14:38:01.394] [SEVERE ] updating countdown to 57998
[14:38:01.398] [SEVERE ] setting player 1 freeze to 1000
[14:38:01.443] [SEVERE ] key 81 was pressed by player 1
[14:38:01.444] [SEVERE ] setting player 1 freeze to 0
[14:38:01.548] [SEVERE ] key 87 was pressed by player 1
[14:38:01.549] [SEVERE ] removing player 1 token from slot 0
[14:38:01.550] [SEVERE ] removing player 1 token from slot 1
[14:38:01.627] [SEVERE ] key 69 was pressed by player 1
[14:38:01.744] [SEVERE ] key 81 was pressed by player 1
[14:38:01.828] [SEVERE ] key 87 was pressed by player 1
[14:38:01.957] [SEVERE ] key 69 was pressed by player 1
[14:38:02.393] [SEVERE ] updating countdown to 56999
[14:38:02.461] [SEVERE ] key 81 was pressed by player 1
[14:38:02.636] [SEVERE ] key 87 was pressed by player 1
[14:38:02.708] [SEVERE ] key 69 was pressed by player 1
[14:38:03.393] [SEVERE ] updating countdown to 55999
[14:38:03.841] [SEVERE ] key 81 was pressed by player 1
[14:38:03.874] [SEVERE ] key 87 was pressed by player 1
[14:38:03.963] [SEVERE ] key 69 was pressed by player 1
[14:38:04.332] [SEVERE ] key 81 was pressed by player 1
[14:38:04.380] [SEVERE ] key 87 was pressed by player 1
[14:38:04.393] [SEVERE ] updating countdown to 54999
[14:38:04.508] [SEVERE ] key 69 was pressed by player 1
[14:38:04.772] [SEVERE ] key 81 was pressed by player 1
[14:38:04.818] [SEVERE ] key 87 was pressed by player 1
[14:38:04.923] [SEVERE ] key 69 was pressed by player 1
[14:38:05.204] [SEVERE ] key 81 was pressed by player 1
[14:38:05.242] [SEVERE ] key 87 was pressed by player 1
[14:38:05.393] [SEVERE ] updating countdown to 53999
[14:38:05.795] [SEVERE ] key 79 was pressed by player 2
[14:38:05.795] [SEVERE ] player 2 placing token on slot 2
[14:38:05.817] [SEVERE ] key 76 was pressed by player 2
[14:38:05.818] [SEVERE ] player 2 placing token on slot 6
[14:38:05.897] [SEVERE ] key 75 was pressed by player 2
[14:38:05.897] [SEVERE ] player 2 placing token on slot 5
[14:38:05.898] [SEVERE ] updating countdown to 53494
[14:38:05.898] [SEVERE ] setting player 2 freeze to 3000
[14:38:06.084] [SEVERE ] key 79 was pressed by player 2
[14:38:06.188] [SEVERE ] key 76 was pressed by player 2
[14:38:06.332] [SEVERE ] key 80 was pressed by player 2
[14:38:06.394] [SEVERE ] updating countdown to 52998
[14:38:06.404] [SEVERE ] key 76 was pressed by player 2
[14:38:06.580] [SEVERE ] key 80 was pressed by player 2
[14:38:06.676] [SEVERE ] key 76 was pressed by player 2
[14:38:06.861] [SEVERE ] key 80 was pressed by player 2
[14:38:06.899] [SEVERE ] setting player 2 freeze to 2000
[14:38:06.940] [SEVERE ] key 76 was pressed by player 2
[14:38:07.148] [SEVERE ] key 80 was pressed by player 2
[14:38:07.229] [SEVERE ] key 76 was pressed by player 2
[14:38:07.365] [SEVERE ] key 80 was pressed by player 2
[14:38:07.393] [SEVERE ] updating countdown to 51999
[14:38:07.469] [SEVERE ] key 76 was pressed by player 2
[14:38:07.561] [SEVERE ] key 80 was pressed by player 2
[14:38:07.660] [SEVERE ] key 76 was pressed by player 2
[14:38:07.745] [SEVERE ] key 80 was pressed by player 2
[14:38:07.900] [SEVERE ] setting player 2 freeze to 1000
[14:38:07.925] [SEVERE ] key 80 was pressed by player 2
[14:38:07.926] [SEVERE ] setting player 2 freeze to 0
[14:38:08.105] [SEVERE ] key 80 was pressed by player 2
[14:38:08.186] [SEVERE ] key 76 was pressed by player 2
[14:38:08.308] [SEVERE ] key 80 was pressed by player 2
[14:38:08.393] [SEVERE ] updating countdown to 50999
[14:38:09.394] [SEVERE ] updating countdown to 49998
[14:38:10.393] [SEVERE ] updating countdown to 48999
[14:38:11.394] [SEVERE ] updating countdown to 47998
[14:38:12.393] [SEVERE ] updating countdown to 46999
[14:38:12.757] [SEVERE ] exit button pressed
[14:38:12.757] [SEVERE ] updating countdown to 0
[14:38:12.760] [INFO   ] thread dealer terminated.
[14:38:12.760] [SEVERE ] thanks for playing... it was fun!
[14:38:12.761] [INFO   ] thread main terminated.
