[14:42:55.998] [INFO   ] thread main starting.
[14:42:56.004] [SEVERE ] cannot read configuration file config.properties trying from resources.
[14:42:56.006] [SEVERE ] configuration file was loaded from resources directory.
[14:42:56.357] [INFO   ] thread dealer starting.
[14:42:56.357] [INFO   ] thread dealer starting.
[14:42:56.358] [INFO   ] thread Thread-1 starting.
[14:42:56.358] [INFO   ] thread Thread-2 starting.
[14:42:56.463] [SEVERE ] placing card 44 in slot 4
[14:42:56.664] [SEVERE ] placing card 52 in slot 11
[14:42:56.865] [SEVERE ] placing card 6 in slot 6
[14:42:57.067] [SEVERE ] placing card 71 in slot 1
[14:42:57.268] [SEVERE ] placing card 4 in slot 9
[14:42:57.469] [SEVERE ] placing card 61 in slot 5
[14:42:57.670] [SEVERE ] placing card 10 in slot 10
[14:42:57.872] [SEVERE ] placing card 63 in slot 3
[14:42:58.073] [SEVERE ] placing card 1 in slot 8
[14:42:58.274] [SEVERE ] placing card 41 in slot 2
[14:42:58.476] [SEVERE ] placing card 49 in slot 7
[14:42:58.678] [SEVERE ] placing card 3 in slot 0
[14:42:58.779] [SEVERE ] updating countdown to 60999
[14:42:59.779] [SEVERE ] updating countdown to 59999
[14:43:00.440] [SEVERE ] key 68 was pressed by player 1
[14:43:00.441] [SEVERE ] player 1 placing token on slot 6
[14:43:00.442] [SEVERE ] key 70 was pressed by player 1
[14:43:00.442] [SEVERE ] player 1 placing token on slot 7
[14:43:00.663] [SEVERE ] key 83 was pressed by player 1
[14:43:00.664] [SEVERE ] player 1 placing token on slot 5
[14:43:00.665] [SEVERE ] updating countdown to 59113
[14:43:00.667] [SEVERE ] setting player 1 freeze to 3000
[14:43:00.674] [SEVERE ] key 68 was pressed by player 1
[14:43:00.674] [SEVERE ] key 70 was pressed by player 1
[14:43:00.771] [SEVERE ] key 70 was pressed by player 1
[14:43:00.779] [SEVERE ] updating countdown to 58999
[14:43:00.852] [SEVERE ] key 83 was pressed by player 1
[14:43:00.998] [SEVERE ] key 70 was pressed by player 1
[14:43:01.111] [SEVERE ] key 68 was pressed by player 1
[14:43:01.118] [SEVERE ] key 65 was pressed by player 1
[14:43:01.126] [SEVERE ] key 83 was pressed by player 1
[14:43:01.244] [SEVERE ] key 70 was pressed by player 1
[14:43:01.342] [SEVERE ] key 83 was pressed by player 1
[14:43:01.358] [SEVERE ] key 68 was pressed by player 1
[14:43:01.489] [SEVERE ] key 70 was pressed by player 1
[14:43:01.588] [SEVERE ] key 83 was pressed by player 1
[14:43:01.623] [SEVERE ] key 68 was pressed by player 1
[14:43:01.668] [SEVERE ] setting player 1 freeze to 2000
[14:43:01.739] [SEVERE ] key 70 was pressed by player 1
[14:43:01.779] [SEVERE ] updating countdown to 57999
[14:43:01.827] [SEVERE ] key 83 was pressed by player 1
[14:43:01.851] [SEVERE ] key 68 was pressed by player 1
[14:43:01.991] [SEVERE ] key 70 was pressed by player 1
[14:43:02.084] [SEVERE ] key 83 was pressed by player 1
[14:43:02.198] [SEVERE ] key 68 was pressed by player 1
[14:43:02.252] [SEVERE ] key 70 was pressed by player 1
[14:43:02.391] [SEVERE ] key 83 was pressed by player 1
[14:43:02.535] [SEVERE ] key 86 was pressed by player 1
[14:43:02.630] [SEVERE ] key 90 was pressed by player 1
[14:43:02.639] [SEVERE ] key 67 was pressed by player 1
[14:43:02.642] [SEVERE ] key 88 was pressed by player 1
[14:43:02.669] [SEVERE ] setting player 1 freeze to 1000
[14:43:02.779] [SEVERE ] updating countdown to 56999
[14:43:02.795] [SEVERE ] key 86 was pressed by player 1
[14:43:02.795] [SEVERE ] setting player 1 freeze to 0
[14:43:02.876] [SEVERE ] key 65 was pressed by player 1
[14:43:03.779] [SEVERE ] updating countdown to 55999
[14:43:04.015] [SEVERE ] key 83 was pressed by player 1
[14:43:04.015] [SEVERE ] removing player 1 token from slot 5
[14:43:04.383] [SEVERE ] key 68 was pressed by player 1
[14:43:04.384] [SEVERE ] removing player 1 token from slot 6
[14:43:04.695] [SEVERE ] key 70 was pressed by player 1
[14:43:04.696] [SEVERE ] removing player 1 token from slot 7
[14:43:04.780] [SEVERE ] updating countdown to 54998
[14:43:05.223] [SEVERE ] key 83 was pressed by player 1
[14:43:05.223] [SEVERE ] player 1 placing token on slot 5
[14:43:05.279] [SEVERE ] key 68 was pressed by player 1
[14:43:05.280] [SEVERE ] player 1 placing token on slot 6
[14:43:05.374] [SEVERE ] key 70 was pressed by player 1
[14:43:05.375] [SEVERE ] player 1 placing token on slot 7
[14:43:05.377] [SEVERE ] updating countdown to 54401
[14:43:05.378] [SEVERE ] setting player 1 freeze to 3000
[14:43:05.779] [SEVERE ] updating countdown to 53999
[14:43:06.379] [SEVERE ] setting player 1 freeze to 2000
[14:43:06.779] [SEVERE ] updating countdown to 52999
[14:43:06.788] [SEVERE ] key 90 was pressed by player 1
[14:43:07.380] [SEVERE ] setting player 1 freeze to 1000
[14:43:07.535] [SEVERE ] key 65 was pressed by player 1
[14:43:07.535] [SEVERE ] setting player 1 freeze to 0
[14:43:07.541] [SEVERE ] key 83 was pressed by player 1
[14:43:07.542] [SEVERE ] removing player 1 token from slot 5
[14:43:07.779] [SEVERE ] updating countdown to 51999
[14:43:07.967] [SEVERE ] key 83 was pressed by player 1
[14:43:07.967] [SEVERE ] player 1 placing token on slot 5
[14:43:07.969] [SEVERE ] updating countdown to 51809
[14:43:07.970] [SEVERE ] setting player 1 freeze to 3000
[14:43:08.471] [SEVERE ] key 83 was pressed by player 1
[14:43:08.699] [SEVERE ] key 83 was pressed by player 1
[14:43:08.779] [SEVERE ] updating countdown to 50999
[14:43:08.971] [SEVERE ] setting player 1 freeze to 2000
[14:43:09.016] [SEVERE ] key 79 was pressed by player 2
[14:43:09.017] [SEVERE ] player 2 placing token on slot 2
[14:43:09.359] [SEVERE ] key 76 was pressed by player 2
[14:43:09.360] [SEVERE ] player 2 placing token on slot 6
[14:43:09.559] [SEVERE ] key 76 was pressed by player 2
[14:43:09.560] [SEVERE ] removing player 2 token from slot 6
[14:43:09.751] [SEVERE ] key 46 was pressed by player 2
[14:43:09.752] [SEVERE ] player 2 placing token on slot 10
[14:43:09.779] [SEVERE ] updating countdown to 49999
[14:43:09.972] [SEVERE ] setting player 1 freeze to 1000
[14:43:09.975] [SEVERE ] key 46 was pressed by player 2
[14:43:09.976] [SEVERE ] removing player 2 token from slot 10
[14:43:10.175] [SEVERE ] key 76 was pressed by player 2
[14:43:10.176] [SEVERE ] player 2 placing token on slot 6
[14:43:10.551] [SEVERE ] key 76 was pressed by player 2
[14:43:10.552] [SEVERE ] removing player 2 token from slot 6
[14:43:10.759] [SEVERE ] key 76 was pressed by player 2
[14:43:10.760] [SEVERE ] player 2 placing token on slot 6
[14:43:10.779] [SEVERE ] updating countdown to 48999
[14:43:10.973] [SEVERE ] setting player 1 freeze to 0
[14:43:11.015] [SEVERE ] key 76 was pressed by player 2
[14:43:11.015] [SEVERE ] removing player 2 token from slot 6
[14:43:11.383] [SEVERE ] key 68 was pressed by player 1
[14:43:11.384] [SEVERE ] removing player 1 token from slot 6
[14:43:11.607] [SEVERE ] key 76 was pressed by player 2
[14:43:11.608] [SEVERE ] player 2 placing token on slot 6
[14:43:11.779] [SEVERE ] updating countdown to 47999
[14:43:11.831] [SEVERE ] key 46 was pressed by player 2
[14:43:11.832] [SEVERE ] player 2 placing token on slot 10
[14:43:11.833] [SEVERE ] updating countdown to 47945
[14:43:11.834] [SEVERE ] setting player 2 freeze to 3000
[14:43:12.535] [SEVERE ] key 80 was pressed by player 2
[14:43:12.656] [SEVERE ] key 69 was pressed by player 1
[14:43:12.657] [SEVERE ] player 1 placing token on slot 2
[14:43:12.658] [SEVERE ] updating countdown to 47120
[14:43:12.659] [SEVERE ] setting player 1 freeze to 3000
[14:43:12.661] [SEVERE ] key 79 was pressed by player 2
[14:43:12.664] [SEVERE ] key 87 was pressed by player 1
[14:43:12.716] [SEVERE ] key 73 was pressed by player 2
[14:43:12.757] [SEVERE ] key 82 was pressed by player 1
[14:43:12.765] [SEVERE ] key 70 was pressed by player 1
[14:43:12.779] [SEVERE ] updating countdown to 46999
[14:43:12.835] [SEVERE ] setting player 2 freeze to 2000
[14:43:12.910] [SEVERE ] key 83 was pressed by player 1
[14:43:12.956] [SEVERE ] key 76 was pressed by player 2
[14:43:12.980] [SEVERE ] key 59 was pressed by player 2
[14:43:12.987] [SEVERE ] key 68 was pressed by player 1
[14:43:13.030] [SEVERE ] key 75 was pressed by player 2
[14:43:13.069] [SEVERE ] key 70 was pressed by player 1
[14:43:13.214] [SEVERE ] key 83 was pressed by player 1
[14:43:13.253] [SEVERE ] key 59 was pressed by player 2
[14:43:13.267] [SEVERE ] key 68 was pressed by player 1
[14:43:13.308] [SEVERE ] key 76 was pressed by player 2
[14:43:13.382] [SEVERE ] key 70 was pressed by player 1
[14:43:13.393] [SEVERE ] key 75 was pressed by player 2
[14:43:13.574] [SEVERE ] key 59 was pressed by player 2
[14:43:13.614] [SEVERE ] key 65 was pressed by player 1
[14:43:13.621] [SEVERE ] key 90 was pressed by player 1
[14:43:13.627] [SEVERE ] key 76 was pressed by player 2
[14:43:13.660] [SEVERE ] setting player 1 freeze to 2000
[14:43:13.755] [SEVERE ] key 68 was pressed by player 1
[14:43:13.773] [SEVERE ] key 77 was pressed by player 2
[14:43:13.779] [SEVERE ] updating countdown to 45999
[14:43:13.779] [SEVERE ] key 86 was pressed by player 1
[14:43:13.780] [SEVERE ] key 44 was pressed by player 2
[14:43:13.835] [SEVERE ] setting player 2 freeze to 1000
[14:43:13.847] [SEVERE ] key 90 was pressed by player 1
[14:43:13.893] [SEVERE ] key 59 was pressed by player 2
[14:43:13.893] [SEVERE ] setting player 2 freeze to 0
[14:43:13.900] [SEVERE ] key 47 was pressed by player 2
[14:43:13.931] [SEVERE ] key 88 was pressed by player 1
[14:43:13.948] [SEVERE ] key 46 was pressed by player 2
[14:43:13.949] [SEVERE ] removing player 2 token from slot 10
[14:43:14.062] [SEVERE ] key 67 was pressed by player 1
[14:43:14.095] [SEVERE ] key 77 was pressed by player 2
[14:43:14.095] [SEVERE ] player 2 placing token on slot 8
[14:43:14.096] [SEVERE ] updating countdown to 45682
[14:43:14.097] [SEVERE ] setting player 2 freeze to 3000
[14:43:14.098] [SEVERE ] key 74 was pressed by player 2
[14:43:14.100] [SEVERE ] key 86 was pressed by player 1
[14:43:14.229] [SEVERE ] key 65 was pressed by player 1
[14:43:14.661] [SEVERE ] setting player 1 freeze to 1000
[14:43:14.663] [SEVERE ] key 80 was pressed by player 2
[14:43:14.779] [SEVERE ] updating countdown to 44999
[14:43:15.098] [SEVERE ] setting player 2 freeze to 2000
[14:43:15.151] [SEVERE ] key 80 was pressed by player 2
[14:43:15.256] [SEVERE ] key 76 was pressed by player 2
[14:43:15.259] [SEVERE ] key 75 was pressed by player 2
[14:43:15.262] [SEVERE ] key 79 was pressed by player 2
[14:43:15.294] [SEVERE ] key 65 was pressed by player 1
[14:43:15.295] [SEVERE ] setting player 1 freeze to 0
[14:43:15.471] [SEVERE ] key 59 was pressed by player 2
[14:43:15.487] [SEVERE ] key 68 was pressed by player 1
[14:43:15.516] [SEVERE ] key 76 was pressed by player 2
[14:43:15.518] [SEVERE ] key 70 was pressed by player 1
[14:43:15.518] [SEVERE ] removing player 1 token from slot 7
[14:43:15.611] [SEVERE ] key 75 was pressed by player 2
[14:43:15.743] [SEVERE ] key 83 was pressed by player 1
[14:43:15.743] [SEVERE ] removing player 1 token from slot 5
[14:43:15.759] [SEVERE ] key 65 was pressed by player 1
[14:43:15.759] [SEVERE ] player 1 placing token on slot 4
[14:43:15.774] [SEVERE ] key 68 was pressed by player 1
[14:43:15.775] [SEVERE ] player 1 placing token on slot 6
[14:43:15.777] [SEVERE ] updating countdown to 44001
[14:43:15.779] [SEVERE ] setting player 1 freeze to 3000
[14:43:15.812] [SEVERE ] key 59 was pressed by player 2
[14:43:15.887] [SEVERE ] key 76 was pressed by player 2
[14:43:15.902] [SEVERE ] key 70 was pressed by player 1
[14:43:15.965] [SEVERE ] key 75 was pressed by player 2
[14:43:16.099] [SEVERE ] setting player 2 freeze to 1000
[14:43:16.223] [SEVERE ] key 83 was pressed by player 1
[14:43:16.246] [SEVERE ] key 80 was pressed by player 2
[14:43:16.247] [SEVERE ] setting player 2 freeze to 0
[14:43:16.358] [SEVERE ] key 79 was pressed by player 2
[14:43:16.359] [SEVERE ] removing player 2 token from slot 2
[14:43:16.400] [SEVERE ] key 68 was pressed by player 1
[14:43:16.402] [SEVERE ] key 70 was pressed by player 1
[14:43:16.435] [SEVERE ] key 75 was pressed by player 2
[14:43:16.435] [SEVERE ] player 2 placing token on slot 5
[14:43:16.436] [SEVERE ] updating countdown to 43342
[14:43:16.437] [SEVERE ] setting player 2 freeze to 3000
[14:43:16.598] [SEVERE ] key 59 was pressed by player 2
[14:43:16.628] [SEVERE ] key 87 was pressed by player 1
[14:43:16.676] [SEVERE ] key 76 was pressed by player 2
[14:43:16.700] [SEVERE ] key 69 was pressed by player 1
[14:43:16.757] [SEVERE ] key 75 was pressed by player 2
[14:43:16.771] [SEVERE ] key 82 was pressed by player 1
[14:43:16.779] [SEVERE ] updating countdown to 42999
[14:43:16.779] [SEVERE ] key 70 was pressed by player 1
[14:43:16.781] [SEVERE ] setting player 1 freeze to 2000
[14:43:16.926] [SEVERE ] key 59 was pressed by player 2
[14:43:16.934] [SEVERE ] key 83 was pressed by player 1
[14:43:16.942] [SEVERE ] key 65 was pressed by player 1
[14:43:16.957] [SEVERE ] key 90 was pressed by player 1
[14:43:16.965] [SEVERE ] key 68 was pressed by player 1
[14:43:17.051] [SEVERE ] key 75 was pressed by player 2
[14:43:17.067] [SEVERE ] key 70 was pressed by player 1
[14:43:17.076] [SEVERE ] key 74 was pressed by player 2
[14:43:17.198] [SEVERE ] key 80 was pressed by player 2
[14:43:17.214] [SEVERE ] key 87 was pressed by player 1
[14:43:17.222] [SEVERE ] key 65 was pressed by player 1
[14:43:17.334] [SEVERE ] key 69 was pressed by player 1
[14:43:17.342] [SEVERE ] key 75 was pressed by player 2
[14:43:17.346] [SEVERE ] key 79 was pressed by player 2
[14:43:17.357] [SEVERE ] key 83 was pressed by player 1
[14:43:17.388] [SEVERE ] key 70 was pressed by player 1
[14:43:17.437] [SEVERE ] setting player 2 freeze to 2000
[14:43:17.495] [SEVERE ] key 59 was pressed by player 2
[14:43:17.510] [SEVERE ] key 76 was pressed by player 2
[14:43:17.558] [SEVERE ] key 83 was pressed by player 1
[14:43:17.574] [SEVERE ] key 68 was pressed by player 1
[14:43:17.589] [SEVERE ] key 75 was pressed by player 2
[14:43:17.603] [SEVERE ] key 90 was pressed by player 1
[14:43:17.710] [SEVERE ] key 86 was pressed by player 1
[14:43:17.741] [SEVERE ] key 59 was pressed by player 2
[14:43:17.779] [SEVERE ] updating countdown to 41999
[14:43:17.782] [SEVERE ] setting player 1 freeze to 1000
[14:43:17.803] [SEVERE ] key 90 was pressed by player 1
[14:43:17.803] [SEVERE ] setting player 1 freeze to 0
[14:43:17.811] [SEVERE ] key 75 was pressed by player 2
[14:43:17.828] [SEVERE ] key 88 was pressed by player 1
[14:43:17.942] [SEVERE ] key 67 was pressed by player 1
[14:43:17.945] [SEVERE ] key 68 was pressed by player 1
[14:43:17.946] [SEVERE ] removing player 1 token from slot 6
[14:43:18.012] [SEVERE ] key 74 was pressed by player 2
[14:43:18.019] [SEVERE ] key 70 was pressed by player 1
[14:43:18.020] [SEVERE ] player 1 placing token on slot 7
[14:43:18.020] [SEVERE ] updating countdown to 41758
[14:43:18.022] [SEVERE ] setting player 1 freeze to 3000
[14:43:18.438] [SEVERE ] setting player 2 freeze to 1000
[14:43:18.779] [SEVERE ] updating countdown to 40999
[14:43:18.828] [SEVERE ] key 80 was pressed by player 2
[14:43:18.829] [SEVERE ] setting player 2 freeze to 0
[14:43:18.859] [SEVERE ] key 83 was pressed by player 1
[14:43:19.023] [SEVERE ] setting player 1 freeze to 2000
[14:43:19.591] [SEVERE ] key 79 was pressed by player 2
[14:43:19.779] [SEVERE ] updating countdown to 39999
[14:43:19.935] [SEVERE ] key 80 was pressed by player 2
[14:43:20.023] [SEVERE ] setting player 1 freeze to 1000
[14:43:20.780] [SEVERE ] updating countdown to 38998
[14:43:20.923] [SEVERE ] key 90 was pressed by player 1
[14:43:20.924] [SEVERE ] setting player 1 freeze to 0
[14:43:21.134] [SEVERE ] key 65 was pressed by player 1
[14:43:21.135] [SEVERE ] removing player 1 token from slot 4
[14:43:21.351] [SEVERE ] key 83 was pressed by player 1
[14:43:21.351] [SEVERE ] player 1 placing token on slot 5
[14:43:21.352] [SEVERE ] updating countdown to 38426
[14:43:21.353] [SEVERE ] setting player 1 freeze to 3000
[14:43:21.779] [SEVERE ] updating countdown to 37999
[14:43:22.354] [SEVERE ] setting player 1 freeze to 2000
[14:43:22.367] [SEVERE ] key 83 was pressed by player 1
[14:43:22.779] [SEVERE ] updating countdown to 36999
[14:43:23.355] [SEVERE ] setting player 1 freeze to 1000
[14:43:23.780] [SEVERE ] updating countdown to 35998
[14:43:24.355] [SEVERE ] setting player 1 freeze to 0
[14:43:24.780] [SEVERE ] updating countdown to 34998
[14:43:24.959] [SEVERE ] key 68 was pressed by player 1
[14:43:25.779] [SEVERE ] updating countdown to 33999
[14:43:26.198] [SEVERE ] key 83 was pressed by player 1
[14:43:26.199] [SEVERE ] removing player 1 token from slot 5
[14:43:26.374] [SEVERE ] key 68 was pressed by player 1
[14:43:26.375] [SEVERE ] player 1 placing token on slot 6
[14:43:26.376] [SEVERE ] updating countdown to 33402
[14:43:26.403] [SEVERE ] setting player 1 freeze to 3000
[14:43:26.718] [SEVERE ] key 90 was pressed by player 1
[14:43:26.779] [SEVERE ] updating countdown to 32999
[14:43:27.404] [SEVERE ] setting player 1 freeze to 2000
[14:43:27.780] [SEVERE ] updating countdown to 31999
[14:43:28.405] [SEVERE ] setting player 1 freeze to 1000
[14:43:28.527] [SEVERE ] key 90 was pressed by player 1
[14:43:28.527] [SEVERE ] setting player 1 freeze to 0
[14:43:28.703] [SEVERE ] key 68 was pressed by player 1
[14:43:28.704] [SEVERE ] removing player 1 token from slot 6
[14:43:28.779] [SEVERE ] updating countdown to 30999
[14:43:29.779] [SEVERE ] updating countdown to 29999
[14:43:30.638] [SEVERE ] key 83 was pressed by player 1
[14:43:30.639] [SEVERE ] player 1 placing token on slot 5
[14:43:30.640] [SEVERE ] updating countdown to 29138
[14:43:30.641] [SEVERE ] setting player 1 freeze to 3000
[14:43:30.779] [SEVERE ] updating countdown to 28999
[14:43:31.642] [SEVERE ] setting player 1 freeze to 2000
[14:43:31.779] [SEVERE ] updating countdown to 27999
[14:43:32.642] [SEVERE ] setting player 1 freeze to 1000
[14:43:32.780] [SEVERE ] updating countdown to 26998
[14:43:32.876] [SEVERE ] key 75 was pressed by player 2
[14:43:32.876] [SEVERE ] removing player 2 token from slot 5
[14:43:32.967] [SEVERE ] key 74 was pressed by player 2
[14:43:32.968] [SEVERE ] player 2 placing token on slot 4
[14:43:32.970] [SEVERE ] updating countdown to 26808
[14:43:32.971] [SEVERE ] setting player 2 freeze to 3000
[14:43:33.643] [SEVERE ] setting player 1 freeze to 0
[14:43:33.707] [SEVERE ] key 77 was pressed by player 2
[14:43:33.779] [SEVERE ] updating countdown to 25999
[14:43:33.973] [SEVERE ] setting player 2 freeze to 2000
[14:43:34.779] [SEVERE ] updating countdown to 24999
[14:43:34.974] [SEVERE ] setting player 2 freeze to 1000
[14:43:35.087] [SEVERE ] key 74 was pressed by player 2
[14:43:35.087] [SEVERE ] setting player 2 freeze to 0
[14:43:35.477] [SEVERE ] key 75 was pressed by player 2
[14:43:35.477] [SEVERE ] removing player 2 token from slot 4
[14:43:35.478] [SEVERE ] player 2 placing token on slot 5
[14:43:35.479] [SEVERE ] updating countdown to 24299
[14:43:35.480] [SEVERE ] setting player 2 freeze to 3000
[14:43:35.780] [SEVERE ] updating countdown to 23998
[14:43:36.480] [SEVERE ] setting player 2 freeze to 2000
[14:43:36.780] [SEVERE ] updating countdown to 22998
[14:43:37.481] [SEVERE ] setting player 2 freeze to 1000
[14:43:37.779] [SEVERE ] updating countdown to 21999
[14:43:38.482] [SEVERE ] setting player 2 freeze to 0
[14:43:38.780] [SEVERE ] updating countdown to 20998
[14:43:39.780] [SEVERE ] updating countdown to 19998
[14:43:40.779] [SEVERE ] updating countdown to 18999
[14:43:41.223] [SEVERE ] key 83 was pressed by player 1
[14:43:41.223] [SEVERE ] removing player 1 token from slot 5
[14:43:41.779] [SEVERE ] updating countdown to 17999
[14:43:42.779] [SEVERE ] updating countdown to 16999
[14:43:43.779] [SEVERE ] updating countdown to 15999
[14:43:43.863] [SEVERE ] key 70 was pressed by player 1
[14:43:43.863] [SEVERE ] removing player 1 token from slot 7
[14:43:44.779] [SEVERE ] updating countdown to 14999
[14:43:45.779] [SEVERE ] updating countdown to 13999
[14:43:45.839] [SEVERE ] key 69 was pressed by player 1
[14:43:45.839] [SEVERE ] removing player 1 token from slot 2
[14:43:46.779] [SEVERE ] updating countdown to 12999
[14:43:47.779] [SEVERE ] updating countdown to 11999
[14:43:48.780] [SEVERE ] updating countdown to 10998
[14:43:49.780] [SEVERE ] updating countdown to 9998
[14:43:50.780] [SEVERE ] updating countdown to 8998
[14:43:51.780] [SEVERE ] updating countdown to 7998
[14:43:52.779] [SEVERE ] updating countdown to 6999
[14:43:53.779] [SEVERE ] updating countdown to 5999
[14:43:54.789] [SEVERE ] updating countdown to 4000
[14:43:55.789] [SEVERE ] updating countdown to 3000
[14:43:56.789] [SEVERE ] updating countdown to 2000
[14:43:57.789] [SEVERE ] updating countdown to 1000
[14:43:58.790] [SEVERE ] updating countdown to 0
[14:43:58.891] [SEVERE ] removing card from slot 0
[14:43:58.992] [SEVERE ] removing card from slot 2
[14:43:59.092] [SEVERE ] removing card from slot 11
[14:43:59.193] [SEVERE ] removing card from slot 5
[14:43:59.293] [SEVERE ] removing card from slot 8
[14:43:59.394] [SEVERE ] removing card from slot 3
[14:43:59.495] [SEVERE ] removing card from slot 6
[14:43:59.595] [SEVERE ] removing card from slot 10
[14:43:59.696] [SEVERE ] removing card from slot 1
[14:43:59.797] [SEVERE ] removing card from slot 4
[14:43:59.898] [SEVERE ] removing card from slot 7
[14:43:59.998] [SEVERE ] removing card from slot 9
[14:43:59.999] [SEVERE ] removing all tokens
[14:44:00.106] [SEVERE ] placing card 42 in slot 6
[14:44:00.307] [SEVERE ] placing card 28 in slot 9
[14:44:00.508] [SEVERE ] placing card 50 in slot 11
[14:44:00.709] [SEVERE ] placing card 63 in slot 8
[14:44:00.909] [SEVERE ] placing card 4 in slot 3
[14:44:01.110] [SEVERE ] placing card 79 in slot 0
[14:44:01.311] [SEVERE ] placing card 29 in slot 4
[14:44:01.511] [SEVERE ] placing card 12 in slot 2
[14:44:01.712] [SEVERE ] placing card 15 in slot 7
[14:44:01.913] [SEVERE ] placing card 53 in slot 5
[14:44:02.113] [SEVERE ] placing card 18 in slot 1
[14:44:02.314] [SEVERE ] placing card 66 in slot 10
[14:44:02.415] [SEVERE ] updating countdown to 60999
[14:44:03.415] [SEVERE ] updating countdown to 59999
[14:44:04.416] [SEVERE ] updating countdown to 58998
[14:44:05.415] [SEVERE ] updating countdown to 57999
[14:44:05.564] [SEVERE ] key 69 was pressed by player 1
[14:44:05.564] [SEVERE ] player 1 placing token on slot 2
[14:44:05.959] [SEVERE ] key 68 was pressed by player 1
[14:44:05.960] [SEVERE ] player 1 placing token on slot 6
[14:44:06.415] [SEVERE ] updating countdown to 56999
[14:44:06.783] [SEVERE ] key 90 was pressed by player 1
[14:44:06.783] [SEVERE ] player 1 placing token on slot 8
[14:44:06.784] [SEVERE ] updating countdown to 56630
[14:44:06.785] [SEVERE ] setting player 1 score to 1
[14:44:06.786] [SEVERE ] updating countdown to 60999
[14:44:06.786] [SEVERE ] setting player 1 freeze to 1000
[14:44:06.786] [SEVERE ] removing player 1 token from slot 8
[14:44:06.788] [SEVERE ] removing player 1 token from slot 6
[14:44:06.788] [SEVERE ] removing player 1 token from slot 2
[14:44:06.889] [SEVERE ] removing card from slot 8
[14:44:06.990] [SEVERE ] removing card from slot 6
[14:44:07.090] [SEVERE ] removing card from slot 2
[14:44:07.191] [SEVERE ] placing card 43 in slot 6
[14:44:07.392] [SEVERE ] placing card 23 in slot 8
[14:44:07.593] [SEVERE ] placing card 56 in slot 2
[14:44:07.786] [SEVERE ] updating countdown to 59999
[14:44:07.787] [SEVERE ] setting player 1 freeze to 0
[14:44:08.787] [SEVERE ] updating countdown to 58998
[14:44:09.786] [SEVERE ] updating countdown to 57999
[14:44:10.787] [SEVERE ] updating countdown to 56998
[14:44:11.787] [SEVERE ] updating countdown to 55999
[14:44:12.786] [SEVERE ] updating countdown to 54999
[14:44:13.787] [SEVERE ] updating countdown to 53998
[14:44:14.786] [SEVERE ] updating countdown to 52999
[14:44:15.786] [SEVERE ] updating countdown to 51999
[14:44:16.132] [SEVERE ] key 68 was pressed by player 1
[14:44:16.132] [SEVERE ] player 1 placing token on slot 6
[14:44:16.787] [SEVERE ] updating countdown to 50998
[14:44:17.079] [SEVERE ] key 68 was pressed by player 1
[14:44:17.079] [SEVERE ] removing player 1 token from slot 6
[14:44:17.786] [SEVERE ] updating countdown to 49999
[14:44:18.786] [SEVERE ] updating countdown to 48999
[14:44:19.786] [SEVERE ] updating countdown to 47999
[14:44:20.786] [SEVERE ] updating countdown to 46999
[14:44:21.787] [SEVERE ] updating countdown to 45998
[14:44:22.732] [SEVERE ] key 82 was pressed by player 1
[14:44:22.732] [SEVERE ] player 1 placing token on slot 3
[14:44:22.786] [SEVERE ] updating countdown to 44999
[14:44:22.868] [SEVERE ] key 67 was pressed by player 1
[14:44:22.868] [SEVERE ] player 1 placing token on slot 10
[14:44:22.943] [SEVERE ] key 86 was pressed by player 1
[14:44:22.943] [SEVERE ] player 1 placing token on slot 11
[14:44:22.944] [SEVERE ] updating countdown to 44841
[14:44:22.945] [SEVERE ] setting player 1 score to 2
[14:44:22.946] [SEVERE ] updating countdown to 60999
[14:44:22.946] [SEVERE ] setting player 1 freeze to 1000
[14:44:22.946] [SEVERE ] removing player 1 token from slot 3
[14:44:22.947] [SEVERE ] removing player 1 token from slot 11
[14:44:22.948] [SEVERE ] removing player 1 token from slot 10
[14:44:23.049] [SEVERE ] removing card from slot 3
[14:44:23.150] [SEVERE ] removing card from slot 11
[14:44:23.250] [SEVERE ] removing card from slot 10
[14:44:23.351] [SEVERE ] placing card 74 in slot 3
[14:44:23.552] [SEVERE ] placing card 41 in slot 10
[14:44:23.623] [SEVERE ] key 82 was pressed by player 1
[14:44:23.624] [SEVERE ] setting player 1 freeze to 0
[14:44:23.732] [SEVERE ] key 68 was pressed by player 1
[14:44:23.733] [SEVERE ] player 1 placing token on slot 3
[14:44:23.733] [SEVERE ] player 1 placing token on slot 6
[14:44:23.748] [SEVERE ] key 67 was pressed by player 1
[14:44:23.749] [SEVERE ] player 1 placing token on slot 10
[14:44:23.749] [SEVERE ] placing card 54 in slot 11
[14:44:23.765] [SEVERE ] key 88 was pressed by player 1
[14:44:23.882] [SEVERE ] key 86 was pressed by player 1
[14:44:23.946] [SEVERE ] updating countdown to 59999
[14:44:23.947] [SEVERE ] setting player 1 freeze to 3000
[14:44:24.079] [SEVERE ] key 67 was pressed by player 1
[14:44:24.947] [SEVERE ] updating countdown to 58998
[14:44:24.948] [SEVERE ] setting player 1 freeze to 2000
[14:44:25.946] [SEVERE ] updating countdown to 57999
[14:44:25.948] [SEVERE ] setting player 1 freeze to 1000
[14:44:26.788] [SEVERE ] key 82 was pressed by player 1
[14:44:26.788] [SEVERE ] setting player 1 freeze to 0
[14:44:26.946] [SEVERE ] updating countdown to 56999
[14:44:26.991] [SEVERE ] key 67 was pressed by player 1
[14:44:26.992] [SEVERE ] removing player 1 token from slot 3
[14:44:26.993] [SEVERE ] removing player 1 token from slot 10
[14:44:27.455] [SEVERE ] key 68 was pressed by player 1
[14:44:27.455] [SEVERE ] removing player 1 token from slot 6
[14:44:27.947] [SEVERE ] updating countdown to 55998
[14:44:28.946] [SEVERE ] updating countdown to 54999
[14:44:29.020] [SEVERE ] key 65 was pressed by player 1
[14:44:29.020] [SEVERE ] player 1 placing token on slot 4
[14:44:29.108] [SEVERE ] key 70 was pressed by player 1
[14:44:29.108] [SEVERE ] player 1 placing token on slot 7
[14:44:29.118] [SEVERE ] key 83 was pressed by player 1
[14:44:29.118] [SEVERE ] player 1 placing token on slot 5
[14:44:29.119] [SEVERE ] updating countdown to 54826
[14:44:29.119] [SEVERE ] setting player 1 freeze to 3000
[14:44:29.124] [SEVERE ] key 67 was pressed by player 1
[14:44:29.199] [SEVERE ] key 68 was pressed by player 1
[14:44:29.335] [SEVERE ] key 70 was pressed by player 1
[14:44:29.339] [SEVERE ] key 65 was pressed by player 1
[14:44:29.350] [SEVERE ] key 67 was pressed by player 1
[14:44:29.374] [SEVERE ] key 83 was pressed by player 1
[14:44:29.452] [SEVERE ] key 68 was pressed by player 1
[14:44:29.563] [SEVERE ] key 70 was pressed by player 1
[14:44:29.573] [SEVERE ] key 65 was pressed by player 1
[14:44:29.637] [SEVERE ] key 83 was pressed by player 1
[14:44:29.709] [SEVERE ] key 74 was pressed by player 2
[14:44:29.709] [SEVERE ] player 2 placing token on slot 4
[14:44:29.724] [SEVERE ] key 68 was pressed by player 1
[14:44:29.770] [SEVERE ] key 70 was pressed by player 1
[14:44:29.820] [SEVERE ] key 65 was pressed by player 1
[14:44:29.894] [SEVERE ] key 83 was pressed by player 1
[14:44:29.946] [SEVERE ] updating countdown to 53999
[14:44:29.974] [SEVERE ] key 68 was pressed by player 1
[14:44:29.985] [SEVERE ] key 70 was pressed by player 1
[14:44:30.068] [SEVERE ] key 65 was pressed by player 1
[14:44:30.097] [SEVERE ] key 83 was pressed by player 1
[14:44:30.120] [SEVERE ] setting player 1 freeze to 2000
[14:44:30.215] [SEVERE ] key 86 was pressed by player 1
[14:44:30.439] [SEVERE ] key 74 was pressed by player 2
[14:44:30.439] [SEVERE ] removing player 2 token from slot 4
[14:44:30.500] [SEVERE ] key 86 was pressed by player 1
[14:44:30.502] [SEVERE ] key 70 was pressed by player 1
[14:44:30.608] [SEVERE ] key 65 was pressed by player 1
[14:44:30.626] [SEVERE ] key 83 was pressed by player 1
[14:44:30.741] [SEVERE ] key 68 was pressed by player 1
[14:44:30.755] [SEVERE ] key 70 was pressed by player 1
[14:44:30.866] [SEVERE ] key 65 was pressed by player 1
[14:44:30.946] [SEVERE ] updating countdown to 52999
[14:44:30.980] [SEVERE ] key 83 was pressed by player 1
[14:44:30.988] [SEVERE ] key 86 was pressed by player 1
[14:44:31.035] [SEVERE ] key 68 was pressed by player 1
[14:44:31.100] [SEVERE ] key 68 was pressed by player 1
[14:44:31.120] [SEVERE ] setting player 1 freeze to 1000
[14:44:31.239] [SEVERE ] key 90 was pressed by player 1
[14:44:31.240] [SEVERE ] setting player 1 freeze to 0
[14:44:31.255] [SEVERE ] key 88 was pressed by player 1
[14:44:31.350] [SEVERE ] key 68 was pressed by player 1
[14:44:31.366] [SEVERE ] key 74 was pressed by player 2
[14:44:31.367] [SEVERE ] player 2 placing token on slot 4
[14:44:31.396] [SEVERE ] key 65 was pressed by player 1
[14:44:31.396] [SEVERE ] removing player 1 token from slot 4
[14:44:31.411] [SEVERE ] key 83 was pressed by player 1
[14:44:31.412] [SEVERE ] removing player 1 token from slot 5
[14:44:31.500] [SEVERE ] key 70 was pressed by player 1
[14:44:31.500] [SEVERE ] removing player 1 token from slot 7
[14:44:31.556] [SEVERE ] key 68 was pressed by player 1
[14:44:31.556] [SEVERE ] player 1 placing token on slot 6
[14:44:31.615] [SEVERE ] key 74 was pressed by player 2
[14:44:31.615] [SEVERE ] removing player 2 token from slot 4
[14:44:31.660] [SEVERE ] key 65 was pressed by player 1
[14:44:31.660] [SEVERE ] player 1 placing token on slot 4
[14:44:31.795] [SEVERE ] key 70 was pressed by player 1
[14:44:31.796] [SEVERE ] player 1 placing token on slot 7
[14:44:31.797] [SEVERE ] updating countdown to 52148
[14:44:31.797] [SEVERE ] setting player 1 freeze to 3000
[14:44:31.815] [SEVERE ] key 68 was pressed by player 1
[14:44:31.867] [SEVERE ] key 74 was pressed by player 2
[14:44:31.868] [SEVERE ] player 2 placing token on slot 4
[14:44:31.900] [SEVERE ] key 65 was pressed by player 1
[14:44:31.916] [SEVERE ] key 83 was pressed by player 1
[14:44:31.946] [SEVERE ] updating countdown to 51999
[14:44:32.062] [SEVERE ] key 68 was pressed by player 1
[14:44:32.101] [SEVERE ] key 74 was pressed by player 2
[14:44:32.102] [SEVERE ] removing player 2 token from slot 4
[14:44:32.226] [SEVERE ] key 70 was pressed by player 1
[14:44:32.255] [SEVERE ] key 81 was pressed by player 1
[14:44:32.263] [SEVERE ] key 65 was pressed by player 1
[14:44:32.308] [SEVERE ] key 69 was pressed by player 1
[14:44:32.407] [SEVERE ] key 74 was pressed by player 2
[14:44:32.408] [SEVERE ] player 2 placing token on slot 4
[14:44:32.438] [SEVERE ] key 65 was pressed by player 1
[14:44:32.453] [SEVERE ] key 83 was pressed by player 1
[14:44:32.492] [SEVERE ] key 70 was pressed by player 1
[14:44:32.615] [SEVERE ] key 74 was pressed by player 2
[14:44:32.615] [SEVERE ] removing player 2 token from slot 4
[14:44:32.638] [SEVERE ] key 68 was pressed by player 1
[14:44:32.708] [SEVERE ] key 82 was pressed by player 1
[14:44:32.715] [SEVERE ] key 81 was pressed by player 1
[14:44:32.798] [SEVERE ] setting player 1 freeze to 2000
[14:44:32.820] [SEVERE ] key 69 was pressed by player 1
[14:44:32.828] [SEVERE ] key 70 was pressed by player 1
[14:44:32.836] [SEVERE ] key 87 was pressed by player 1
[14:44:32.946] [SEVERE ] updating countdown to 50999
[14:44:32.978] [SEVERE ] key 81 was pressed by player 1
[14:44:33.068] [SEVERE ] key 70 was pressed by player 1
[14:44:33.069] [SEVERE ] key 87 was pressed by player 1
[14:44:33.180] [SEVERE ] key 85 was pressed by player 2
[14:44:33.180] [SEVERE ] player 2 placing token on slot 0
[14:44:33.252] [SEVERE ] key 70 was pressed by player 1
[14:44:33.407] [SEVERE ] key 74 was pressed by player 2
[14:44:33.408] [SEVERE ] player 2 placing token on slot 4
[14:44:33.541] [SEVERE ] key 65 was pressed by player 1
[14:44:33.798] [SEVERE ] setting player 1 freeze to 1000
[14:44:33.927] [SEVERE ] key 85 was pressed by player 2
[14:44:33.928] [SEVERE ] removing player 2 token from slot 0
[14:44:33.946] [SEVERE ] updating countdown to 49999
[14:44:34.127] [SEVERE ] key 70 was pressed by player 1
[14:44:34.128] [SEVERE ] setting player 1 freeze to 0
[14:44:34.463] [SEVERE ] key 65 was pressed by player 1
[14:44:34.464] [SEVERE ] removing player 1 token from slot 7
[14:44:34.465] [SEVERE ] removing player 1 token from slot 4
[14:44:34.485] [SEVERE ] key 83 was pressed by player 1
[14:44:34.485] [SEVERE ] player 1 placing token on slot 5
[14:44:34.607] [SEVERE ] key 82 was pressed by player 1
[14:44:34.608] [SEVERE ] player 1 placing token on slot 3
[14:44:34.609] [SEVERE ] updating countdown to 49336
[14:44:34.610] [SEVERE ] setting player 1 freeze to 3000
[14:44:34.692] [SEVERE ] key 70 was pressed by player 1
[14:44:34.780] [SEVERE ] key 65 was pressed by player 1
[14:44:34.829] [SEVERE ] key 83 was pressed by player 1
[14:44:34.947] [SEVERE ] updating countdown to 48998
[14:44:35.009] [SEVERE ] key 68 was pressed by player 1
[14:44:35.014] [SEVERE ] key 70 was pressed by player 1
[14:44:35.116] [SEVERE ] key 81 was pressed by player 1
[14:44:35.279] [SEVERE ] key 70 was pressed by player 1
[14:44:35.412] [SEVERE ] key 81 was pressed by player 1
[14:44:35.567] [SEVERE ] key 87 was pressed by player 1
[14:44:35.587] [SEVERE ] key 70 was pressed by player 1
[14:44:35.610] [SEVERE ] setting player 1 freeze to 2000
[14:44:35.687] [SEVERE ] key 68 was pressed by player 1
[14:44:35.757] [SEVERE ] key 65 was pressed by player 1
[14:44:35.791] [SEVERE ] key 83 was pressed by player 1
[14:44:35.892] [SEVERE ] key 70 was pressed by player 1
[14:44:35.900] [SEVERE ] key 86 was pressed by player 1
[14:44:35.946] [SEVERE ] updating countdown to 47999
[14:44:35.983] [SEVERE ] key 67 was pressed by player 1
[14:44:36.060] [SEVERE ] key 90 was pressed by player 1
[14:44:36.076] [SEVERE ] key 88 was pressed by player 1
[14:44:36.143] [SEVERE ] key 86 was pressed by player 1
[14:44:36.366] [SEVERE ] key 83 was pressed by player 1
[14:44:36.463] [SEVERE ] key 70 was pressed by player 1
[14:44:36.611] [SEVERE ] setting player 1 freeze to 1000
[14:44:36.671] [SEVERE ] key 83 was pressed by player 1
[14:44:36.671] [SEVERE ] setting player 1 freeze to 0
[14:44:36.744] [SEVERE ] key 68 was pressed by player 1
[14:44:36.744] [SEVERE ] removing player 1 token from slot 5
[14:44:36.745] [SEVERE ] removing player 1 token from slot 6
[14:44:36.751] [SEVERE ] key 70 was pressed by player 1
[14:44:36.752] [SEVERE ] player 1 placing token on slot 7
[14:44:36.885] [SEVERE ] key 83 was pressed by player 1
[14:44:36.886] [SEVERE ] player 1 placing token on slot 5
[14:44:36.886] [SEVERE ] updating countdown to 47059
[14:44:36.887] [SEVERE ] setting player 1 freeze to 3000
[14:44:36.941] [SEVERE ] key 68 was pressed by player 1
[14:44:36.946] [SEVERE ] updating countdown to 46999
[14:44:37.167] [SEVERE ] key 82 was pressed by player 1
[14:44:37.174] [SEVERE ] key 70 was pressed by player 1
[14:44:37.295] [SEVERE ] key 83 was pressed by player 1
[14:44:37.431] [SEVERE ] key 70 was pressed by player 1
[14:44:37.564] [SEVERE ] key 83 was pressed by player 1
[14:44:37.580] [SEVERE ] key 82 was pressed by player 1
[14:44:37.671] [SEVERE ] key 68 was pressed by player 1
[14:44:37.679] [SEVERE ] key 70 was pressed by player 1
[14:44:37.888] [SEVERE ] setting player 1 freeze to 2000
[14:44:37.946] [SEVERE ] updating countdown to 45999
[14:44:38.535] [SEVERE ] key 83 was pressed by player 1
[14:44:38.636] [SEVERE ] key 70 was pressed by player 1
[14:44:38.799] [SEVERE ] key 82 was pressed by player 1
[14:44:38.868] [SEVERE ] key 87 was pressed by player 1
[14:44:38.877] [SEVERE ] key 81 was pressed by player 1
[14:44:38.888] [SEVERE ] setting player 1 freeze to 1000
[14:44:38.947] [SEVERE ] updating countdown to 44998
[14:44:39.047] [SEVERE ] key 70 was pressed by player 1
[14:44:39.048] [SEVERE ] setting player 1 freeze to 0
[14:44:39.351] [SEVERE ] key 83 was pressed by player 1
[14:44:39.352] [SEVERE ] removing player 1 token from slot 7
[14:44:39.353] [SEVERE ] removing player 1 token from slot 5
[14:44:39.519] [SEVERE ] key 70 was pressed by player 1
[14:44:39.520] [SEVERE ] player 1 placing token on slot 7
[14:44:39.750] [SEVERE ] key 82 was pressed by player 1
[14:44:39.751] [SEVERE ] removing player 1 token from slot 3
[14:44:39.946] [SEVERE ] updating countdown to 43999
[14:44:40.375] [SEVERE ] key 70 was pressed by player 1
[14:44:40.376] [SEVERE ] removing player 1 token from slot 7
[14:44:40.535] [SEVERE ] key 70 was pressed by player 1
[14:44:40.536] [SEVERE ] player 1 placing token on slot 7
[14:44:40.679] [SEVERE ] key 70 was pressed by player 1
[14:44:40.680] [SEVERE ] removing player 1 token from slot 7
[14:44:40.832] [SEVERE ] key 70 was pressed by player 1
[14:44:40.832] [SEVERE ] player 1 placing token on slot 7
[14:44:40.946] [SEVERE ] updating countdown to 42999
[14:44:40.984] [SEVERE ] key 70 was pressed by player 1
[14:44:40.984] [SEVERE ] removing player 1 token from slot 7
[14:44:41.143] [SEVERE ] key 70 was pressed by player 1
[14:44:41.144] [SEVERE ] player 1 placing token on slot 7
[14:44:41.295] [SEVERE ] key 70 was pressed by player 1
[14:44:41.296] [SEVERE ] removing player 1 token from slot 7
[14:44:41.455] [SEVERE ] key 70 was pressed by player 1
[14:44:41.456] [SEVERE ] player 1 placing token on slot 7
[14:44:41.623] [SEVERE ] key 70 was pressed by player 1
[14:44:41.624] [SEVERE ] removing player 1 token from slot 7
[14:44:41.788] [SEVERE ] key 70 was pressed by player 1
[14:44:41.788] [SEVERE ] player 1 placing token on slot 7
[14:44:41.946] [SEVERE ] updating countdown to 41999
[14:44:41.960] [SEVERE ] key 70 was pressed by player 1
[14:44:41.960] [SEVERE ] removing player 1 token from slot 7
[14:44:42.120] [SEVERE ] key 70 was pressed by player 1
[14:44:42.120] [SEVERE ] player 1 placing token on slot 7
[14:44:42.287] [SEVERE ] key 70 was pressed by player 1
[14:44:42.288] [SEVERE ] removing player 1 token from slot 7
[14:44:42.447] [SEVERE ] key 70 was pressed by player 1
[14:44:42.447] [SEVERE ] player 1 placing token on slot 7
[14:44:42.615] [SEVERE ] key 70 was pressed by player 1
[14:44:42.616] [SEVERE ] removing player 1 token from slot 7
[14:44:42.780] [SEVERE ] key 70 was pressed by player 1
[14:44:42.780] [SEVERE ] player 1 placing token on slot 7
[14:44:42.947] [SEVERE ] updating countdown to 40998
[14:44:42.949] [SEVERE ] key 70 was pressed by player 1
[14:44:42.949] [SEVERE ] removing player 1 token from slot 7
[14:44:43.127] [SEVERE ] key 70 was pressed by player 1
[14:44:43.128] [SEVERE ] player 1 placing token on slot 7
[14:44:43.295] [SEVERE ] key 70 was pressed by player 1
[14:44:43.296] [SEVERE ] removing player 1 token from slot 7
[14:44:43.487] [SEVERE ] key 70 was pressed by player 1
[14:44:43.488] [SEVERE ] player 1 placing token on slot 7
[14:44:43.639] [SEVERE ] key 70 was pressed by player 1
[14:44:43.640] [SEVERE ] removing player 1 token from slot 7
[14:44:43.815] [SEVERE ] key 70 was pressed by player 1
[14:44:43.816] [SEVERE ] player 1 placing token on slot 7
[14:44:43.946] [SEVERE ] updating countdown to 39999
[14:44:43.956] [SEVERE ] key 68 was pressed by player 1
[14:44:43.956] [SEVERE ] player 1 placing token on slot 6
[14:44:44.062] [SEVERE ] key 70 was pressed by player 1
[14:44:44.062] [SEVERE ] removing player 1 token from slot 7
[14:44:44.231] [SEVERE ] key 68 was pressed by player 1
[14:44:44.232] [SEVERE ] removing player 1 token from slot 6
[14:44:44.335] [SEVERE ] key 70 was pressed by player 1
[14:44:44.336] [SEVERE ] player 1 placing token on slot 7
[14:44:44.455] [SEVERE ] key 68 was pressed by player 1
[14:44:44.456] [SEVERE ] player 1 placing token on slot 6
[14:44:44.583] [SEVERE ] key 70 was pressed by player 1
[14:44:44.584] [SEVERE ] removing player 1 token from slot 7
[14:44:44.679] [SEVERE ] key 68 was pressed by player 1
[14:44:44.680] [SEVERE ] removing player 1 token from slot 6
[14:44:44.815] [SEVERE ] key 70 was pressed by player 1
[14:44:44.816] [SEVERE ] player 1 placing token on slot 7
[14:44:44.890] [SEVERE ] key 68 was pressed by player 1
[14:44:44.891] [SEVERE ] player 1 placing token on slot 6
[14:44:44.946] [SEVERE ] updating countdown to 38999
[14:44:45.039] [SEVERE ] key 70 was pressed by player 1
[14:44:45.040] [SEVERE ] removing player 1 token from slot 7
[14:44:45.119] [SEVERE ] key 68 was pressed by player 1
[14:44:45.120] [SEVERE ] removing player 1 token from slot 6
[14:44:45.247] [SEVERE ] key 70 was pressed by player 1
[14:44:45.248] [SEVERE ] player 1 placing token on slot 7
[14:44:45.319] [SEVERE ] key 68 was pressed by player 1
[14:44:45.320] [SEVERE ] player 1 placing token on slot 6
[14:44:45.447] [SEVERE ] key 70 was pressed by player 1
[14:44:45.448] [SEVERE ] removing player 1 token from slot 7
[14:44:45.508] [SEVERE ] key 68 was pressed by player 1
[14:44:45.508] [SEVERE ] removing player 1 token from slot 6
[14:44:45.647] [SEVERE ] key 70 was pressed by player 1
[14:44:45.648] [SEVERE ] player 1 placing token on slot 7
[14:44:45.703] [SEVERE ] key 68 was pressed by player 1
[14:44:45.703] [SEVERE ] player 1 placing token on slot 6
[14:44:45.847] [SEVERE ] key 70 was pressed by player 1
[14:44:45.848] [SEVERE ] removing player 1 token from slot 7
[14:44:45.895] [SEVERE ] key 68 was pressed by player 1
[14:44:45.896] [SEVERE ] removing player 1 token from slot 6
[14:44:45.946] [SEVERE ] updating countdown to 37999
[14:44:46.036] [SEVERE ] key 70 was pressed by player 1
[14:44:46.036] [SEVERE ] player 1 placing token on slot 7
[14:44:46.068] [SEVERE ] key 68 was pressed by player 1
[14:44:46.068] [SEVERE ] player 1 placing token on slot 6
[14:44:46.231] [SEVERE ] key 70 was pressed by player 1
[14:44:46.232] [SEVERE ] removing player 1 token from slot 7
[14:44:46.303] [SEVERE ] key 68 was pressed by player 1
[14:44:46.304] [SEVERE ] removing player 1 token from slot 6
[14:44:46.947] [SEVERE ] updating countdown to 36998
[14:44:47.647] [SEVERE ] key 83 was pressed by player 1
[14:44:47.648] [SEVERE ] player 1 placing token on slot 5
[14:44:47.935] [SEVERE ] key 70 was pressed by player 1
[14:44:47.935] [SEVERE ] player 1 placing token on slot 7
[14:44:47.946] [SEVERE ] updating countdown to 35999
[14:44:48.391] [SEVERE ] key 83 was pressed by player 1
[14:44:48.392] [SEVERE ] removing player 1 token from slot 5
[14:44:48.664] [SEVERE ] key 68 was pressed by player 1
[14:44:48.664] [SEVERE ] player 1 placing token on slot 6
[14:44:48.687] [SEVERE ] key 87 was pressed by player 1
[14:44:48.687] [SEVERE ] player 1 placing token on slot 1
[14:44:48.689] [SEVERE ] updating countdown to 35256
[14:44:48.690] [SEVERE ] setting player 1 freeze to 3000
[14:44:48.695] [SEVERE ] key 83 was pressed by player 1
[14:44:48.751] [SEVERE ] key 70 was pressed by player 1
[14:44:48.946] [SEVERE ] updating countdown to 34999
[14:44:49.691] [SEVERE ] setting player 1 freeze to 2000
[14:44:49.947] [SEVERE ] updating countdown to 33998
[14:44:50.691] [SEVERE ] setting player 1 freeze to 1000
[14:44:50.946] [SEVERE ] updating countdown to 32999
[14:44:51.239] [SEVERE ] exit button pressed
[14:44:51.239] [SEVERE ] updating countdown to 0
[14:44:51.245] [INFO   ] thread dealer terminated.
[14:44:51.245] [SEVERE ] thanks for playing... it was fun!
[14:44:51.246] [INFO   ] thread main terminated.
