[14:39:26.298] [INFO   ] thread main starting.
[14:39:26.304] [SEVERE ] cannot read configuration file config.properties trying from resources.
[14:39:26.306] [SEVERE ] configuration file was loaded from resources directory.
[14:39:26.699] [INFO   ] thread dealer starting.
[14:39:26.699] [INFO   ] thread dealer starting.
[14:39:26.700] [INFO   ] thread Thread-1 starting.
[14:39:26.700] [INFO   ] thread Thread-2 starting.
[14:39:26.807] [SEVERE ] placing card 5 in slot 8
[14:39:27.007] [SEVERE ] placing card 49 in slot 10
[14:39:27.208] [SEVERE ] placing card 67 in slot 0
[14:39:27.409] [SEVERE ] placing card 27 in slot 4
[14:39:27.611] [SEVERE ] placing card 54 in slot 9
[14:39:27.812] [SEVERE ] placing card 19 in slot 1
[14:39:28.013] [SEVERE ] placing card 41 in slot 6
[14:39:28.214] [SEVERE ] placing card 68 in slot 5
[14:39:28.415] [SEVERE ] placing card 20 in slot 2
[14:39:28.616] [SEVERE ] placing card 42 in slot 3
[14:39:28.818] [SEVERE ] placing card 37 in slot 11
[14:39:29.019] [SEVERE ] placing card 69 in slot 7
[14:39:29.120] [SEVERE ] updating countdown to 60999
[14:39:30.120] [SEVERE ] updating countdown to 59999
[14:39:30.587] [SEVERE ] key 65 was pressed by player 1
[14:39:30.587] [SEVERE ] player 1 placing token on slot 4
[14:39:30.594] [SEVERE ] key 87 was pressed by player 1
[14:39:30.595] [SEVERE ] player 1 placing token on slot 1
[14:39:30.611] [SEVERE ] key 83 was pressed by player 1
[14:39:30.612] [SEVERE ] player 1 placing token on slot 5
[14:39:30.612] [SEVERE ] updating countdown to 59507
[14:39:30.613] [SEVERE ] setting player 1 freeze to 3000
[14:39:30.707] [SEVERE ] key 69 was pressed by player 1
[14:39:30.717] [SEVERE ] key 68 was pressed by player 1
[14:39:30.801] [SEVERE ] key 65 was pressed by player 1
[14:39:30.820] [SEVERE ] key 83 was pressed by player 1
[14:39:30.943] [SEVERE ] key 68 was pressed by player 1
[14:39:31.042] [SEVERE ] key 65 was pressed by player 1
[14:39:31.120] [SEVERE ] updating countdown to 58999
[14:39:31.205] [SEVERE ] key 68 was pressed by player 1
[14:39:31.317] [SEVERE ] key 65 was pressed by player 1
[14:39:31.386] [SEVERE ] key 83 was pressed by player 1
[14:39:31.469] [SEVERE ] key 68 was pressed by player 1
[14:39:31.597] [SEVERE ] key 65 was pressed by player 1
[14:39:31.613] [SEVERE ] setting player 1 freeze to 2000
[14:39:31.629] [SEVERE ] key 83 was pressed by player 1
[14:39:31.722] [SEVERE ] key 68 was pressed by player 1
[14:39:31.829] [SEVERE ] key 65 was pressed by player 1
[14:39:31.965] [SEVERE ] key 83 was pressed by player 1
[14:39:32.022] [SEVERE ] key 68 was pressed by player 1
[14:39:32.120] [SEVERE ] updating countdown to 57999
[14:39:32.165] [SEVERE ] key 65 was pressed by player 1
[14:39:32.227] [SEVERE ] key 83 was pressed by player 1
[14:39:32.274] [SEVERE ] key 68 was pressed by player 1
[14:39:32.413] [SEVERE ] key 65 was pressed by player 1
[14:39:32.459] [SEVERE ] key 83 was pressed by player 1
[14:39:32.525] [SEVERE ] key 68 was pressed by player 1
[14:39:32.614] [SEVERE ] setting player 1 freeze to 1000
[14:39:32.653] [SEVERE ] key 65 was pressed by player 1
[14:39:32.654] [SEVERE ] setting player 1 freeze to 0
[14:39:32.754] [SEVERE ] key 83 was pressed by player 1
[14:39:32.754] [SEVERE ] removing player 1 token from slot 4
[14:39:32.755] [SEVERE ] removing player 1 token from slot 5
[14:39:32.811] [SEVERE ] key 68 was pressed by player 1
[14:39:32.933] [SEVERE ] key 65 was pressed by player 1
[14:39:33.121] [SEVERE ] updating countdown to 56998
[14:39:34.120] [SEVERE ] updating countdown to 55999
[14:39:35.120] [SEVERE ] updating countdown to 54999
[14:39:35.210] [SEVERE ] key 80 was pressed by player 2
[14:39:35.210] [SEVERE ] player 2 placing token on slot 3
[14:39:35.302] [SEVERE ] key 79 was pressed by player 2
[14:39:35.303] [SEVERE ] player 2 placing token on slot 2
[14:39:35.354] [SEVERE ] key 73 was pressed by player 2
[14:39:35.355] [SEVERE ] player 2 placing token on slot 1
[14:39:35.355] [SEVERE ] updating countdown to 54764
[14:39:35.356] [SEVERE ] setting player 2 freeze to 3000
[14:39:35.621] [SEVERE ] key 80 was pressed by player 2
[14:39:35.690] [SEVERE ] key 79 was pressed by player 2
[14:39:36.120] [SEVERE ] updating countdown to 53999
[14:39:36.357] [SEVERE ] setting player 2 freeze to 2000
[14:39:36.757] [SEVERE ] key 80 was pressed by player 2
[14:39:37.121] [SEVERE ] updating countdown to 52998
[14:39:37.358] [SEVERE ] setting player 2 freeze to 1000
[14:39:38.120] [SEVERE ] updating countdown to 51999
[14:39:38.359] [SEVERE ] setting player 2 freeze to 0
[14:39:39.120] [SEVERE ] updating countdown to 50999
[14:39:39.477] [SEVERE ] key 80 was pressed by player 2
[14:39:40.121] [SEVERE ] updating countdown to 49998
[14:39:41.120] [SEVERE ] updating countdown to 48999
[14:39:41.581] [SEVERE ] key 80 was pressed by player 2
[14:39:41.753] [SEVERE ] key 79 was pressed by player 2
[14:39:42.120] [SEVERE ] updating countdown to 47999
[14:39:42.349] [SEVERE ] key 59 was pressed by player 2
[14:39:42.469] [SEVERE ] key 76 was pressed by player 2
[14:39:42.911] [SEVERE ] key 80 was pressed by player 2
[14:39:42.962] [SEVERE ] key 79 was pressed by player 2
[14:39:43.121] [SEVERE ] updating countdown to 46999
[14:39:43.213] [SEVERE ] key 80 was pressed by player 2
[14:39:43.269] [SEVERE ] key 76 was pressed by player 2
[14:39:43.461] [SEVERE ] key 90 was pressed by player 1
[14:39:43.492] [SEVERE ] key 67 was pressed by player 1
[14:39:43.500] [SEVERE ] key 88 was pressed by player 1
[14:39:43.572] [SEVERE ] key 86 was pressed by player 1
[14:39:43.587] [SEVERE ] key 70 was pressed by player 1
[14:39:43.595] [SEVERE ] key 75 was pressed by player 2
[14:39:43.804] [SEVERE ] key 83 was pressed by player 1
[14:39:43.821] [SEVERE ] key 68 was pressed by player 1
[14:39:43.824] [SEVERE ] key 74 was pressed by player 2
[14:39:43.836] [SEVERE ] key 70 was pressed by player 1
[14:39:43.969] [SEVERE ] key 87 was pressed by player 1
[14:39:44.005] [SEVERE ] key 69 was pressed by player 1
[14:39:44.092] [SEVERE ] key 70 was pressed by player 1
[14:39:44.120] [SEVERE ] updating countdown to 45999
[14:39:44.301] [SEVERE ] key 80 was pressed by player 2
[14:39:44.341] [SEVERE ] key 73 was pressed by player 2
[14:39:44.343] [SEVERE ] key 75 was pressed by player 2
[14:39:44.370] [SEVERE ] key 74 was pressed by player 2
[14:39:44.378] [SEVERE ] key 75 was pressed by player 2
[14:39:45.121] [SEVERE ] updating countdown to 44998
[14:39:45.965] [SEVERE ] key 69 was pressed by player 1
[14:39:45.969] [SEVERE ] key 82 was pressed by player 1
[14:39:46.058] [SEVERE ] key 80 was pressed by player 2
[14:39:46.082] [SEVERE ] key 79 was pressed by player 2
[14:39:46.120] [SEVERE ] updating countdown to 43999
[14:39:46.301] [SEVERE ] key 82 was pressed by player 1
[14:39:46.517] [SEVERE ] key 83 was pressed by player 1
[14:39:46.525] [SEVERE ] key 70 was pressed by player 1
[14:39:46.717] [SEVERE ] key 80 was pressed by player 2
[14:39:46.733] [SEVERE ] key 83 was pressed by player 1
[14:39:46.743] [SEVERE ] key 70 was pressed by player 1
[14:39:46.950] [SEVERE ] key 80 was pressed by player 2
[14:39:46.957] [SEVERE ] key 83 was pressed by player 1
[14:39:46.960] [SEVERE ] key 70 was pressed by player 1
[14:39:47.120] [SEVERE ] updating countdown to 42999
[14:39:47.149] [SEVERE ] key 83 was pressed by player 1
[14:39:47.326] [SEVERE ] key 83 was pressed by player 1
[14:39:47.329] [SEVERE ] key 70 was pressed by player 1
[14:39:47.461] [SEVERE ] key 83 was pressed by player 1
[14:39:47.629] [SEVERE ] key 83 was pressed by player 1
[14:39:47.637] [SEVERE ] key 68 was pressed by player 1
[14:39:47.645] [SEVERE ] key 70 was pressed by player 1
[14:39:47.793] [SEVERE ] key 83 was pressed by player 1
[14:39:47.810] [SEVERE ] key 68 was pressed by player 1
[14:39:47.817] [SEVERE ] key 70 was pressed by player 1
[14:39:47.842] [SEVERE ] key 79 was pressed by player 2
[14:39:47.859] [SEVERE ] key 75 was pressed by player 2
[14:39:47.965] [SEVERE ] key 83 was pressed by player 1
[14:39:47.972] [SEVERE ] key 68 was pressed by player 1
[14:39:47.980] [SEVERE ] key 70 was pressed by player 1
[14:39:48.120] [SEVERE ] updating countdown to 41999
[14:39:48.146] [SEVERE ] key 83 was pressed by player 1
[14:39:48.154] [SEVERE ] key 68 was pressed by player 1
[14:39:48.162] [SEVERE ] key 70 was pressed by player 1
[14:39:48.429] [SEVERE ] key 83 was pressed by player 1
[14:39:48.581] [SEVERE ] key 68 was pressed by player 1
[14:39:48.605] [SEVERE ] key 70 was pressed by player 1
[14:39:48.789] [SEVERE ] key 83 was pressed by player 1
[14:39:48.796] [SEVERE ] key 68 was pressed by player 1
[14:39:48.812] [SEVERE ] key 70 was pressed by player 1
[14:39:49.022] [SEVERE ] key 83 was pressed by player 1
[14:39:49.029] [SEVERE ] key 65 was pressed by player 1
[14:39:49.075] [SEVERE ] key 68 was pressed by player 1
[14:39:49.120] [SEVERE ] updating countdown to 40999
[14:39:49.165] [SEVERE ] key 70 was pressed by player 1
[14:39:49.293] [SEVERE ] key 83 was pressed by player 1
[14:39:49.370] [SEVERE ] key 68 was pressed by player 1
[14:39:49.428] [SEVERE ] key 70 was pressed by player 1
[14:39:49.581] [SEVERE ] key 83 was pressed by player 1
[14:39:49.620] [SEVERE ] key 68 was pressed by player 1
[14:39:49.714] [SEVERE ] key 70 was pressed by player 1
[14:39:49.869] [SEVERE ] key 83 was pressed by player 1
[14:39:49.954] [SEVERE ] key 68 was pressed by player 1
[14:39:50.034] [SEVERE ] key 70 was pressed by player 1
[14:39:50.120] [SEVERE ] updating countdown to 39999
[14:39:50.189] [SEVERE ] key 83 was pressed by player 1
[14:39:50.205] [SEVERE ] key 68 was pressed by player 1
[14:39:50.329] [SEVERE ] key 70 was pressed by player 1
[14:39:50.486] [SEVERE ] key 83 was pressed by player 1
[14:39:50.564] [SEVERE ] key 68 was pressed by player 1
[14:39:50.649] [SEVERE ] key 70 was pressed by player 1
[14:39:50.790] [SEVERE ] key 83 was pressed by player 1
[14:39:50.858] [SEVERE ] key 68 was pressed by player 1
[14:39:50.930] [SEVERE ] key 70 was pressed by player 1
[14:39:51.120] [SEVERE ] updating countdown to 38999
[14:39:51.134] [SEVERE ] key 83 was pressed by player 1
[14:39:51.204] [SEVERE ] key 68 was pressed by player 1
[14:39:51.267] [SEVERE ] key 70 was pressed by player 1
[14:39:51.573] [SEVERE ] key 83 was pressed by player 1
[14:39:51.593] [SEVERE ] key 68 was pressed by player 1
[14:39:51.658] [SEVERE ] key 70 was pressed by player 1
[14:39:51.925] [SEVERE ] key 65 was pressed by player 1
[14:39:51.981] [SEVERE ] key 83 was pressed by player 1
[14:39:51.989] [SEVERE ] key 68 was pressed by player 1
[14:39:52.050] [SEVERE ] key 70 was pressed by player 1
[14:39:52.121] [SEVERE ] updating countdown to 37999
[14:39:52.333] [SEVERE ] key 65 was pressed by player 1
[14:39:52.341] [SEVERE ] key 83 was pressed by player 1
[14:39:52.357] [SEVERE ] key 68 was pressed by player 1
[14:39:52.540] [SEVERE ] key 65 was pressed by player 1
[14:39:52.677] [SEVERE ] key 83 was pressed by player 1
[14:39:52.723] [SEVERE ] key 68 was pressed by player 1
[14:39:52.873] [SEVERE ] key 65 was pressed by player 1
[14:39:52.914] [SEVERE ] key 83 was pressed by player 1
[14:39:52.989] [SEVERE ] key 68 was pressed by player 1
[14:39:53.121] [SEVERE ] updating countdown to 36998
[14:39:53.133] [SEVERE ] key 65 was pressed by player 1
[14:39:53.141] [SEVERE ] key 83 was pressed by player 1
[14:39:53.228] [SEVERE ] key 68 was pressed by player 1
[14:39:53.373] [SEVERE ] key 65 was pressed by player 1
[14:39:53.452] [SEVERE ] key 83 was pressed by player 1
[14:39:53.533] [SEVERE ] key 68 was pressed by player 1
[14:39:53.660] [SEVERE ] key 65 was pressed by player 1
[14:39:53.668] [SEVERE ] key 83 was pressed by player 1
[14:39:53.941] [SEVERE ] exit button pressed
[14:39:53.942] [SEVERE ] updating countdown to 0
[14:39:53.945] [INFO   ] thread dealer terminated.
[14:39:53.946] [SEVERE ] thanks for playing... it was fun!
[14:39:53.947] [INFO   ] thread main terminated.
