[14:36:33.284] [INFO   ] thread main starting.
[14:36:33.292] [SEVERE ] cannot read configuration file config.properties trying from resources.
[14:36:33.294] [SEVERE ] configuration file was loaded from resources directory.
[14:36:33.660] [INFO   ] thread dealer starting.
[14:36:33.660] [INFO   ] thread dealer starting.
[14:36:33.661] [INFO   ] thread Thread-1 starting.
[14:36:33.661] [INFO   ] thread Thread-2 starting.
[14:36:33.767] [SEVERE ] placing card 37 in slot 8
[14:36:33.968] [SEVERE ] placing card 1 in slot 2
[14:36:34.169] [SEVERE ] placing card 41 in slot 9
[14:36:34.370] [SEVERE ] placing card 80 in slot 7
[14:36:34.571] [SEVERE ] placing card 39 in slot 5
[14:36:34.772] [SEVERE ] placing card 31 in slot 3
[14:36:34.973] [SEVERE ] placing card 8 in slot 6
[14:36:35.175] [SEVERE ] placing card 17 in slot 11
[14:36:35.376] [SEVERE ] placing card 6 in slot 1
[14:36:35.578] [SEVERE ] placing card 45 in slot 10
[14:36:35.780] [SEVERE ] placing card 63 in slot 4
[14:36:35.981] [SEVERE ] placing card 5 in slot 0
[14:36:36.083] [SEVERE ] updating countdown to 60999
[14:36:37.084] [SEVERE ] updating countdown to 59998
[14:36:38.084] [SEVERE ] updating countdown to 58999
[14:36:39.083] [SEVERE ] updating countdown to 57999
[14:36:40.084] [SEVERE ] updating countdown to 56998
[14:36:41.083] [SEVERE ] updating countdown to 55999
[14:36:42.083] [SEVERE ] updating countdown to 54999
[14:36:43.083] [SEVERE ] updating countdown to 53999
[14:36:44.084] [SEVERE ] updating countdown to 52999
[14:36:45.083] [SEVERE ] updating countdown to 51999
[14:36:46.083] [SEVERE ] updating countdown to 50999
[14:36:47.084] [SEVERE ] updating countdown to 49998
[14:36:48.083] [SEVERE ] updating countdown to 48999
[14:36:49.083] [SEVERE ] updating countdown to 47999
[14:36:49.939] [SEVERE ] exit button pressed
[14:36:49.940] [SEVERE ] updating countdown to 0
[14:36:49.946] [INFO   ] thread dealer terminated.
[14:36:49.946] [SEVERE ] thanks for playing... it was fun!
[14:36:49.947] [INFO   ] thread main terminated.
