[14:42:06.849] [INFO   ] thread main starting.
[14:42:06.856] [SEVERE ] cannot read configuration file config.properties trying from resources.
[14:42:06.857] [SEVERE ] configuration file was loaded from resources directory.
[14:42:07.244] [INFO   ] thread dealer starting.
[14:42:07.245] [INFO   ] thread dealer starting.
[14:42:07.245] [INFO   ] thread Thread-1 starting.
[14:42:07.246] [INFO   ] thread Thread-2 starting.
[14:42:07.351] [SEVERE ] placing card 23 in slot 9
[14:42:07.552] [SEVERE ] placing card 71 in slot 5
[14:42:07.754] [SEVERE ] placing card 50 in slot 0
[14:42:07.955] [SEVERE ] placing card 56 in slot 3
[14:42:08.157] [SEVERE ] placing card 63 in slot 6
[14:42:08.358] [SEVERE ] placing card 1 in slot 2
[14:42:08.559] [SEVERE ] placing card 51 in slot 10
[14:42:08.761] [SEVERE ] placing card 68 in slot 11
[14:42:08.961] [SEVERE ] placing card 17 in slot 7
[14:42:09.163] [SEVERE ] placing card 80 in slot 1
[14:42:09.365] [SEVERE ] placing card 22 in slot 4
[14:42:09.566] [SEVERE ] placing card 32 in slot 8
[14:42:09.667] [SEVERE ] updating countdown to 60999
[14:42:10.667] [SEVERE ] updating countdown to 59999
[14:42:11.668] [SEVERE ] updating countdown to 58998
[14:42:11.844] [SEVERE ] key 68 was pressed by player 1
[14:42:11.844] [SEVERE ] player 1 placing token on slot 6
[14:42:12.667] [SEVERE ] updating countdown to 57999
[14:42:13.668] [SEVERE ] updating countdown to 56998
[14:42:14.038] [SEVERE ] key 83 was pressed by player 1
[14:42:14.039] [SEVERE ] player 1 placing token on slot 5
[14:42:14.667] [SEVERE ] updating countdown to 55999
[14:42:14.933] [SEVERE ] key 87 was pressed by player 1
[14:42:14.934] [SEVERE ] player 1 placing token on slot 1
[14:42:14.935] [SEVERE ] updating countdown to 55731
[14:42:14.937] [SEVERE ] setting player 1 freeze to 3000
[14:42:15.667] [SEVERE ] updating countdown to 54999
[14:42:15.938] [SEVERE ] setting player 1 freeze to 2000
[14:42:16.191] [SEVERE ] key 87 was pressed by player 1
[14:42:16.667] [SEVERE ] updating countdown to 53999
[14:42:16.731] [SEVERE ] key 87 was pressed by player 1
[14:42:16.940] [SEVERE ] setting player 1 freeze to 1000
[14:42:17.075] [SEVERE ] key 87 was pressed by player 1
[14:42:17.075] [SEVERE ] setting player 1 freeze to 0
[14:42:17.667] [SEVERE ] updating countdown to 52999
[14:42:18.076] [SEVERE ] removing player 1 token from slot 1
[14:42:18.667] [SEVERE ] updating countdown to 51999
[14:42:19.667] [SEVERE ] updating countdown to 50999
[14:42:20.667] [SEVERE ] updating countdown to 49999
[14:42:21.668] [SEVERE ] updating countdown to 48998
[14:42:22.667] [SEVERE ] updating countdown to 47999
[14:42:23.668] [SEVERE ] updating countdown to 46998
[14:42:24.667] [SEVERE ] updating countdown to 45999
[14:42:25.668] [SEVERE ] updating countdown to 44998
[14:42:26.667] [SEVERE ] updating countdown to 43999
[14:42:27.667] [SEVERE ] updating countdown to 42999
[14:42:28.667] [SEVERE ] updating countdown to 41999
[14:42:29.667] [SEVERE ] updating countdown to 40999
[14:42:30.667] [SEVERE ] updating countdown to 39999
[14:42:31.668] [SEVERE ] updating countdown to 38998
[14:42:32.667] [SEVERE ] updating countdown to 37999
[14:42:33.667] [SEVERE ] updating countdown to 36999
[14:42:34.667] [SEVERE ] updating countdown to 35999
[14:42:35.667] [SEVERE ] updating countdown to 34999
